<?xml version="1.0" encoding="UTF-8" ?>
<testsuite tests="0" failures="0" name="SampleTest" time="0" errors="0" skipped="0">
  <properties>
    <property name="idea.version" value="2021.2.2"/>
    <property name="java.runtime.name" value="OpenJDK Runtime Environment"/>
    <property name="java.vm.version" value="17.0.2+8-86"/>
    <property name="sun.boot.library.path" value="C:\Users\gonar\.jdks\openjdk-17.0.2\bin"/>
    <property name="maven.multiModuleProjectDirectory" value="C:\Users\gonar\OneDrive - Universidad del Magdalena\Escritorio\DH-Offline\BackEndEspecializacion\Bimestre2\Testing\clase16-RestAssure\RestAssureASinc"/>
    <property name="java.vm.vendor" value="Oracle Corporation"/>
    <property name="java.vendor.url" value="https://java.oracle.com/"/>
    <property name="guice.disable.misplaced.annotation.check" value="true"/>
    <property name="path.separator" value=";"/>
    <property name="java.vm.name" value="OpenJDK 64-Bit Server VM"/>
    <property name="sun.os.patch.level" value=""/>
    <property name="user.script" value=""/>
    <property name="user.country" value="CO"/>
    <property name="sun.java.launcher" value="SUN_STANDARD"/>
    <property name="java.vm.specification.name" value="Java Virtual Machine Specification"/>
    <property name="user.dir" value="C:\Users\gonar\OneDrive - Universidad del Magdalena\Escritorio\DH-Offline\BackEndEspecializacion\Bimestre2\Testing\clase16-RestAssure\RestAssureASinc"/>
    <property name="java.vm.compressedOopsMode" value="32-bit"/>
    <property name="java.runtime.version" value="17.0.2+8-86"/>
    <property name="os.arch" value="amd64"/>
    <property name="java.io.tmpdir" value="C:\Users\gonar\AppData\Local\Temp\"/>
    <property name="line.separator" value="
"/>
    <property name="java.vm.specification.vendor" value="Oracle Corporation"/>
    <property name="user.variant" value=""/>
    <property name="os.name" value="Windows 10"/>
    <property name="maven.ext.class.path" value="C:\Users\gonar\AppData\Local\JetBrains\Toolbox\apps\IDEA-U\ch-0\212.5284.40\plugins\maven\lib\maven-event-listener.jar"/>
    <property name="classworlds.conf" value="C:\Users\gonar\AppData\Local\JetBrains\Toolbox\apps\IDEA-U\ch-0\212.5284.40\plugins\maven\lib\maven3\bin\m2.conf"/>
    <property name="sun.jnu.encoding" value="Cp1252"/>
    <property name="java.library.path" value="C:\Users\gonar\.jdks\openjdk-17.0.2\bin;C:\WINDOWS\Sun\Java\bin;C:\WINDOWS\system32;C:\WINDOWS;C:\Program Files (x86)\VMware\VMware Player\bin\;C:\Program Files\Common Files\Oracle\Java\javapath;C:\Program Files (x86)\Common Files\Oracle\Java\javapath;C:\WINDOWS\system32;C:\WINDOWS;C:\WINDOWS\System32\Wbem;C:\WINDOWS\System32\WindowsPowerShell\v1.0\;C:\WINDOWS\System32\OpenSSH\;C:\Program Files\Git\cmd;C:\Program Files (x86)\AMD\ATI.ACE\Core-Static;C:\Program Files\PuTTY\;C:\HashiCorp\Vagrant\bin;C:\Program Files\dotnet\;C:\Program Files\Java\jdk-16.0.1\bin;C:\Program Files\apache-maven-3.8.4\bin;C:\Program Files\nodejs\;;C:\Program Files\Docker\Docker\resources\bin;C:\ProgramData\DockerDesktop\version-bin;C:\Users\gonar\AppData\Local\Microsoft\WindowsApps;C:\Users\gonar\AppData\Local\Programs\Microsoft VS Code\bin;C:\Program Files\JetBrains\PyCharm Community Edition 2021.1.1\bin;C:\Program Files\JetBrains\IntelliJ IDEA Community Edition 2021.1.1\bin;C:\Program Files\MongoDB\Server\5.0\bin;C:\Program Files\JetBrains\WebStorm 2021.2\bin;C:\Program Files\JetBrains\PyCharm 2021.2.2\bin;C:\Program Files\MongoDB\Server\5.0\bin;C:\Users\gonar\AppData\Local\Programs\mongosh\;C:\Users\gonar\AppData\Local\gitkraken\bin;C:\Users\gonar\AppData\Roaming\npm;."/>
    <property name="maven.conf" value="C:\Users\gonar\AppData\Local\JetBrains\Toolbox\apps\IDEA-U\ch-0\212.5284.40\plugins\maven\lib\maven3/conf"/>
    <property name="jdk.debug" value="release"/>
    <property name="java.class.version" value="61.0"/>
    <property name="java.specification.name" value="Java Platform API Specification"/>
    <property name="sun.management.compiler" value="HotSpot 64-Bit Tiered Compilers"/>
    <property name="os.version" value="10.0"/>
    <property name="user.home" value="C:\Users\gonar"/>
    <property name="user.timezone" value="America/Bogota"/>
    <property name="file.encoding" value="UTF-8"/>
    <property name="java.specification.version" value="17"/>
    <property name="user.name" value="gonar"/>
    <property name="java.class.path" value="C:\Users\gonar\AppData\Local\JetBrains\Toolbox\apps\IDEA-U\ch-0\212.5284.40\plugins\maven\lib\maven3\boot\plexus-classworlds-2.6.0.jar;C:\Users\gonar\AppData\Local\JetBrains\Toolbox\apps\IDEA-U\ch-0\212.5284.40\plugins\maven\lib\maven3\boot\plexus-classworlds.license"/>
    <property name="java.vm.specification.version" value="17"/>
    <property name="sun.arch.data.model" value="64"/>
    <property name="sun.java.command" value="org.codehaus.classworlds.Launcher -Didea.version=2021.2.2 clean surefire-report:report"/>
    <property name="java.home" value="C:\Users\gonar\.jdks\openjdk-17.0.2"/>
    <property name="user.language" value="es"/>
    <property name="java.specification.vendor" value="Oracle Corporation"/>
    <property name="java.vm.info" value="mixed mode, sharing"/>
    <property name="java.version" value="17.0.2"/>
    <property name="native.encoding" value="Cp1252"/>
    <property name="java.vendor" value="Oracle Corporation"/>
    <property name="maven.home" value="C:\Users\gonar\AppData\Local\JetBrains\Toolbox\apps\IDEA-U\ch-0\212.5284.40\plugins\maven\lib\maven3"/>
    <property name="file.separator" value="\"/>
    <property name="java.version.date" value="2022-01-18"/>
    <property name="java.vendor.url.bug" value="https://bugreport.java.com/bugreport/"/>
    <property name="sun.io.unicode.encoding" value="UnicodeLittle"/>
    <property name="sun.cpu.endian" value="little"/>
    <property name="sun.cpu.isalist" value="amd64"/>
  </properties>
</testsuite>